1614010230.185494 client started (18056): version 2.6, socket /tmp/tmux-1000/default, protocol 8
1614010230.185532 on Linux 5.4.0-65-generic #73~18.04.1-Ubuntu SMP Tue Jan 19 09:02:24 UTC 2021; libevent 2.1.8-stable (poll)
1614010230.185560 socket is /tmp/tmux-1000/default
1614010230.185577 trying connect
1614010230.185654 add peer 0x5569fb58d330: 6 ((nil))
1614010230.185713 sending message 100 to peer 0x5569fb58d330 (4 bytes)
1614010230.185722 sending message 101 to peer 0x5569fb58d330 (16 bytes)
1614010230.185726 sending message 102 to peer 0x5569fb58d330 (11 bytes)
1614010230.185731 sending message 108 to peer 0x5569fb58d330 (31 bytes)
1614010230.185736 sending message 104 to peer 0x5569fb58d330 (0 bytes)
1614010230.185742 sending message 107 to peer 0x5569fb58d330 (4 bytes)
1614010230.185746 sending message 105 to peer 0x5569fb58d330 (1516 bytes)
1614010230.185758 sending message 105 to peer 0x5569fb58d330 (34 bytes)
1614010230.185762 sending message 105 to peer 0x5569fb58d330 (22 bytes)
1614010230.185767 sending message 105 to peer 0x5569fb58d330 (17 bytes)
1614010230.185771 sending message 105 to peer 0x5569fb58d330 (15 bytes)
1614010230.190123 sending message 105 to peer 0x5569fb58d330 (13 bytes)
1614010230.190150 sending message 105 to peer 0x5569fb58d330 (32 bytes)
1614010230.190158 sending message 105 to peer 0x5569fb58d330 (21 bytes)
1614010230.190165 sending message 105 to peer 0x5569fb58d330 (24 bytes)
1614010230.190171 sending message 105 to peer 0x5569fb58d330 (20 bytes)
1614010230.190177 sending message 105 to peer 0x5569fb58d330 (11 bytes)
1614010230.190183 sending message 105 to peer 0x5569fb58d330 (41 bytes)
1614010230.190188 sending message 105 to peer 0x5569fb58d330 (55 bytes)
1614010230.190195 sending message 105 to peer 0x5569fb58d330 (21 bytes)
1614010230.190201 sending message 105 to peer 0x5569fb58d330 (18 bytes)
1614010230.190208 sending message 105 to peer 0x5569fb58d330 (51 bytes)
1614010230.190214 sending message 105 to peer 0x5569fb58d330 (13 bytes)
1614010230.190220 sending message 105 to peer 0x5569fb58d330 (20 bytes)
1614010230.190225 sending message 105 to peer 0x5569fb58d330 (24 bytes)
1614010230.190231 sending message 105 to peer 0x5569fb58d330 (33 bytes)
1614010230.190237 sending message 105 to peer 0x5569fb58d330 (52 bytes)
1614010230.190243 sending message 105 to peer 0x5569fb58d330 (26 bytes)
1614010230.190249 sending message 105 to peer 0x5569fb58d330 (35 bytes)
1614010230.190255 sending message 105 to peer 0x5569fb58d330 (19 bytes)
1614010230.190261 sending message 105 to peer 0x5569fb58d330 (21 bytes)
1614010230.190267 sending message 105 to peer 0x5569fb58d330 (18 bytes)
1614010230.190272 sending message 105 to peer 0x5569fb58d330 (19 bytes)
1614010230.190278 sending message 105 to peer 0x5569fb58d330 (36 bytes)
1614010230.190284 sending message 105 to peer 0x5569fb58d330 (21 bytes)
1614010230.190290 sending message 105 to peer 0x5569fb58d330 (112 bytes)
1614010230.190296 sending message 105 to peer 0x5569fb58d330 (28 bytes)
1614010230.190301 sending message 105 to peer 0x5569fb58d330 (20 bytes)
1614010230.190307 sending message 105 to peer 0x5569fb58d330 (28 bytes)
1614010230.190313 sending message 105 to peer 0x5569fb58d330 (20 bytes)
1614010230.190318 sending message 105 to peer 0x5569fb58d330 (17 bytes)
1614010230.190324 sending message 105 to peer 0x5569fb58d330 (17 bytes)
1614010230.190331 sending message 105 to peer 0x5569fb58d330 (21 bytes)
1614010230.190336 sending message 105 to peer 0x5569fb58d330 (16 bytes)
1614010230.190342 sending message 105 to peer 0x5569fb58d330 (52 bytes)
1614010230.190347 sending message 105 to peer 0x5569fb58d330 (18 bytes)
1614010230.190353 sending message 105 to peer 0x5569fb58d330 (25 bytes)
1614010230.190358 sending message 105 to peer 0x5569fb58d330 (52 bytes)
1614010230.190365 sending message 105 to peer 0x5569fb58d330 (13 bytes)
1614010230.190371 sending message 105 to peer 0x5569fb58d330 (15 bytes)
1614010230.190409 sending message 105 to peer 0x5569fb58d330 (8 bytes)
1614010230.190417 sending message 105 to peer 0x5569fb58d330 (17 bytes)
1614010230.190450 sending message 105 to peer 0x5569fb58d330 (18 bytes)
1614010230.190457 sending message 105 to peer 0x5569fb58d330 (19 bytes)
1614010230.190462 sending message 105 to peer 0x5569fb58d330 (19 bytes)
1614010230.190473 sending message 105 to peer 0x5569fb58d330 (16 bytes)
1614010230.190480 sending message 105 to peer 0x5569fb58d330 (54 bytes)
1614010230.190486 sending message 105 to peer 0x5569fb58d330 (31 bytes)
1614010230.190493 sending message 105 to peer 0x5569fb58d330 (37 bytes)
1614010230.190499 sending message 105 to peer 0x5569fb58d330 (58 bytes)
1614010230.190506 sending message 105 to peer 0x5569fb58d330 (55 bytes)
1614010230.190513 sending message 105 to peer 0x5569fb58d330 (267 bytes)
1614010230.190519 sending message 105 to peer 0x5569fb58d330 (130 bytes)
1614010230.190527 sending message 105 to peer 0x5569fb58d330 (32 bytes)
1614010230.190535 sending message 105 to peer 0x5569fb58d330 (16 bytes)
1614010230.190542 sending message 105 to peer 0x5569fb58d330 (16 bytes)
1614010230.190548 sending message 106 to peer 0x5569fb58d330 (0 bytes)
1614010230.190555 sending message 200 to peer 0x5569fb58d330 (4 bytes)
1614010230.190563 client loop enter
1614010230.191985 peer 0x5569fb58d330 message 211
1614010230.192066 peer 0x5569fb58d330 message 203
1614010230.192084 client loop exit
